<?xml version="1.0" encoding="utf-8" standalone="no"?>
<test-run run-date="2011-07-26" start-time="11:34:27" end-time="12:40:00">




	<test-suite type="Assembly" id="9000" name="Concurrent with 20% Futures" fullname="Concurrent with 20% Futures">
		<properties>
			<property name="_PID" value="11928" />
			<property name="_APPDOMAIN" value="test-domain-mock-assembly.dll" />
		</properties>
		<failure>
			<message><![CDATA[Child test failed]]></message>
		</failure>
		<test-case id="9001" name="Futures Cycle Time 50th Percentile" fullname="fut.c50" result="Passed" duration="4.5">
		</test-case>
		<test-case id="9002" name="Futures Cycle Time 90th Percentile" fullname="fut.c90A" result="Failed" duration="50">
			<failure>
				<message>50 sec/10 sec sla</message>
			</failure>
		</test-case>
	</test-suite>
</test-run>
